<?xml version="1.0" encoding="UTF-8"?>
<testng-results ignored="0" total="1" passed="1" failed="0" skipped="0">
  <reporter-output>
  </reporter-output>
  <suite started-at="2019-08-23T20:00:24Z" name="Default suite" finished-at="2019-08-23T20:00:39Z" duration-ms="14312">
    <groups>
    </groups>
    <test started-at="2019-08-23T20:00:24Z" name="Default test" finished-at="2019-08-23T20:00:39Z" duration-ms="14312">
      <class name="phptravel.POMTest">
        <test-method is-config="true" signature="setup()[pri:0, instance:phptravel.POMTest@48524010]" started-at="2019-08-23T20:00:24Z" name="setup" finished-at="2019-08-23T20:00:29Z" duration-ms="4544" status="PASS">
          <reporter-output>
          </reporter-output>
        </test-method> <!-- setup -->
        <test-method signature="demoTest()[pri:0, instance:phptravel.POMTest@48524010]" started-at="2019-08-23T20:00:29Z" name="demoTest" finished-at="2019-08-23T20:00:39Z" duration-ms="9737" status="PASS">
          <reporter-output>
          </reporter-output>
        </test-method> <!-- demoTest -->
      </class> <!-- phptravel.POMTest -->
    </test> <!-- Default test -->
  </suite> <!-- Default suite -->
</testng-results>
